<?xml version="1.0" encoding="UTF-8"?>
<!-- Generated by org.testng.reporters.JUnitReportReporter -->
<testsuite skipped="0" hostname="LAPTOP-20464U94" name="DBT.testing" tests="1" failures="0" timestamp="07 Mar 2019 22:12:08 GMT" time="0.042" errors="0">
  <testcase name="test" time="0.042" classname="DBT.testing"/>
</testsuite> <!-- DBT.testing -->
